<?xml version="1.0" encoding="UTF-8"?>
<testng-results skipped="0" failed="0" ignored="0" total="3" passed="3">
  <reporter-output>
    <line>
      <![CDATA[Total no of links = 176]]>
    </line>
    <line>
      <![CDATA[Title is matching]]>
    </line>
    <line>
      <![CDATA[Total no.of Links = 176]]>
    </line>
    <line>
      <![CDATA[Title is matching]]>
    </line>
    <line>
      <![CDATA[Total no.of links= 156]]>
    </line>
    <line>
      <![CDATA[Title is matching]]>
    </line>
  </reporter-output>
  <suite name="Default suite" duration-ms="39707" started-at="2018-08-25T11:34:24Z" finished-at="2018-08-25T11:35:04Z">
    <groups>
    </groups>
    <test name="Default test" duration-ms="39707" started-at="2018-08-25T11:34:24Z" finished-at="2018-08-25T11:35:04Z">
      <class name="testScript.TwitterTest">
        <test-method status="PASS" signature="launch()[pri:0, instance:testScript.TwitterTest@6d4b1c02]" name="launch" is-config="true" duration-ms="6576" started-at="2018-08-25T11:34:24Z" finished-at="2018-08-25T11:34:31Z">
          <reporter-output>
          </reporter-output>
        </test-method> <!-- launch -->
        <test-method status="PASS" signature="testTwitter()[pri:0, instance:testScript.TwitterTest@6d4b1c02]" name="testTwitter" duration-ms="6176" started-at="2018-08-25T11:34:31Z" finished-at="2018-08-25T11:34:37Z">
          <reporter-output>
            <line>
              <![CDATA[Total no of links = 176]]>
            </line>
            <line>
              <![CDATA[Title is matching]]>
            </line>
          </reporter-output>
        </test-method> <!-- testTwitter -->
        <test-method status="PASS" signature="closeBrowser()[pri:0, instance:testScript.TwitterTest@6d4b1c02]" name="closeBrowser" is-config="true" duration-ms="798" started-at="2018-08-25T11:34:37Z" finished-at="2018-08-25T11:34:38Z">
          <reporter-output>
          </reporter-output>
        </test-method> <!-- closeBrowser -->
      </class> <!-- testScript.TwitterTest -->
      <class name="testScript.InstagramTest">
        <test-method status="PASS" signature="launch()[pri:0, instance:testScript.InstagramTest@6093dd95]" name="launch" is-config="true" duration-ms="5341" started-at="2018-08-25T11:34:38Z" finished-at="2018-08-25T11:34:43Z">
          <reporter-output>
          </reporter-output>
        </test-method> <!-- launch -->
        <test-method status="PASS" signature="testInsta()[pri:0, instance:testScript.InstagramTest@6093dd95]" name="testInsta" duration-ms="6558" started-at="2018-08-25T11:34:43Z" finished-at="2018-08-25T11:34:50Z">
          <reporter-output>
            <line>
              <![CDATA[Total no.of Links = 176]]>
            </line>
            <line>
              <![CDATA[Title is matching]]>
            </line>
          </reporter-output>
        </test-method> <!-- testInsta -->
        <test-method status="PASS" signature="closeBrowser()[pri:0, instance:testScript.InstagramTest@6093dd95]" name="closeBrowser" is-config="true" duration-ms="773" started-at="2018-08-25T11:34:50Z" finished-at="2018-08-25T11:34:50Z">
          <reporter-output>
          </reporter-output>
        </test-method> <!-- closeBrowser -->
      </class> <!-- testScript.InstagramTest -->
      <class name="testScript.facebookTest">
        <test-method status="PASS" signature="launch()[pri:0, instance:testScript.facebookTest@5622fdf]" name="launch" is-config="true" duration-ms="5605" started-at="2018-08-25T11:34:50Z" finished-at="2018-08-25T11:34:56Z">
          <reporter-output>
          </reporter-output>
        </test-method> <!-- launch -->
        <test-method status="PASS" signature="testFacebook()[pri:0, instance:testScript.facebookTest@5622fdf]" name="testFacebook" duration-ms="7100" started-at="2018-08-25T11:34:56Z" finished-at="2018-08-25T11:35:03Z">
          <reporter-output>
            <line>
              <![CDATA[Total no.of links= 156]]>
            </line>
            <line>
              <![CDATA[Title is matching]]>
            </line>
          </reporter-output>
        </test-method> <!-- testFacebook -->
        <test-method status="PASS" signature="closeBrowser()[pri:0, instance:testScript.facebookTest@5622fdf]" name="closeBrowser" is-config="true" duration-ms="744" started-at="2018-08-25T11:35:03Z" finished-at="2018-08-25T11:35:04Z">
          <reporter-output>
          </reporter-output>
        </test-method> <!-- closeBrowser -->
      </class> <!-- testScript.facebookTest -->
    </test> <!-- Default test -->
  </suite> <!-- Default suite -->
</testng-results>
