<?xml version="1.0" encoding="UTF-8"?>
<!-- Generated by org.testng.reporters.JUnitXMLReporter -->
<testsuite hostname="LAPTOP-KRC4FANK" ignored="0" name="Default test" tests="3" failures="0" timestamp="25 Aug 2018 11:35:04 GMT" time="39.707" errors="0">
  <testcase name="testTwitter" time="6.176" classname="testScript.TwitterTest"/>
  <testcase name="testInsta" time="6.558" classname="testScript.InstagramTest"/>
  <testcase name="testFacebook" time="7.1" classname="testScript.facebookTest"/>
</testsuite> <!-- Default test -->
